<?xml version="1.0" encoding="UTF-8"?>
<testsuites>
  <testsuite name="TableBundle Test Suite" tests="15" assertions="221" failures="0" errors="0" time="0.423404">
    <testsuite name="EMC\TableBundle\Tests\Controller\TableControllerTest" file="/home/emc/www/table-bundle/vendor/emc/table-bundle/EMC/TableBundle/Tests/Controller/TableControllerTest.php" tests="1" assertions="0" failures="0" errors="0" time="0.381655">
      <testcase name="testIndex" class="EMC\TableBundle\Tests\Controller\TableControllerTest" file="/home/emc/www/table-bundle/vendor/emc/table-bundle/EMC/TableBundle/Tests/Controller/TableControllerTest.php" line="9" assertions="0" time="0.381655"/>
    </testsuite>
    <testsuite name="EMC\TableBundle\Tests\Table\Column\ColumnBuilderTest" file="/home/emc/www/table-bundle/vendor/emc/table-bundle/EMC/TableBundle/Tests/Table/Column/ColumnBuilderTest.php" tests="1" assertions="1" failures="0" errors="0" time="0.002298">
      <testcase name="testGetColumn" class="EMC\TableBundle\Tests\Table\Column\ColumnBuilderTest" file="/home/emc/www/table-bundle/vendor/emc/table-bundle/EMC/TableBundle/Tests/Table/Column/ColumnBuilderTest.php" line="14" assertions="1" time="0.002298"/>
    </testsuite>
    <testsuite name="EMC\TableBundle\Tests\Table\Column\ColumnFactoryTest" file="/home/emc/www/table-bundle/vendor/emc/table-bundle/EMC/TableBundle/Tests/Table/Column/ColumnFactoryTest.php" tests="2" assertions="23" failures="0" errors="0" time="0.006151">
      <testcase name="testCreate" class="EMC\TableBundle\Tests\Table\Column\ColumnFactoryTest" file="/home/emc/www/table-bundle/vendor/emc/table-bundle/EMC/TableBundle/Tests/Table/Column/ColumnFactoryTest.php" line="56" assertions="12" time="0.005330"/>
      <testcase name="testResolve" class="EMC\TableBundle\Tests\Table\Column\ColumnFactoryTest" file="/home/emc/www/table-bundle/vendor/emc/table-bundle/EMC/TableBundle/Tests/Table/Column/ColumnFactoryTest.php" line="67" assertions="11" time="0.000821"/>
    </testsuite>
    <testsuite name="EMC\TableBundle\Tests\Table\TableBuilderTest" file="/home/emc/www/table-bundle/vendor/emc/table-bundle/EMC/TableBundle/Tests/Table/TableBuilderTest.php" tests="7" assertions="137" failures="0" errors="0" time="0.025473">
      <testcase name="testCreate" class="EMC\TableBundle\Tests\Table\TableBuilderTest" file="/home/emc/www/table-bundle/vendor/emc/table-bundle/EMC/TableBundle/Tests/Table/TableBuilderTest.php" line="111" assertions="20" time="0.018145"/>
      <testcase name="testGetTable" class="EMC\TableBundle\Tests\Table\TableBuilderTest" file="/home/emc/www/table-bundle/vendor/emc/table-bundle/EMC/TableBundle/Tests/Table/TableBuilderTest.php" line="119" assertions="19" time="0.001160"/>
      <testcase name="testAdd" class="EMC\TableBundle\Tests\Table\TableBuilderTest" file="/home/emc/www/table-bundle/vendor/emc/table-bundle/EMC/TableBundle/Tests/Table/TableBuilderTest.php" line="129" assertions="21" time="0.000867"/>
      <testcase name="testAddException" class="EMC\TableBundle\Tests\Table\TableBuilderTest" file="/home/emc/www/table-bundle/vendor/emc/table-bundle/EMC/TableBundle/Tests/Table/TableBuilderTest.php" line="142" assertions="19" time="0.000701"/>
      <testcase name="testGetQueryConfig" class="EMC\TableBundle\Tests\Table\TableBuilderTest" file="/home/emc/www/table-bundle/vendor/emc/table-bundle/EMC/TableBundle/Tests/Table/TableBuilderTest.php" line="147" assertions="19" time="0.001148"/>
      <testcase name="testGetQueryResultStaticData" class="EMC\TableBundle\Tests\Table\TableBuilderTest" file="/home/emc/www/table-bundle/vendor/emc/table-bundle/EMC/TableBundle/Tests/Table/TableBuilderTest.php" line="159" assertions="19" time="0.002634"/>
      <testcase name="testGetQueryResult" class="EMC\TableBundle\Tests\Table\TableBuilderTest" file="/home/emc/www/table-bundle/vendor/emc/table-bundle/EMC/TableBundle/Tests/Table/TableBuilderTest.php" line="173" assertions="20" time="0.000818"/>
    </testsuite>
    <testsuite name="EMC\TableBundle\Tests\Table\TableFactoryTest" file="/home/emc/www/table-bundle/vendor/emc/table-bundle/EMC/TableBundle/Tests/Table/TableFactoryTest.php" tests="4" assertions="60" failures="0" errors="0" time="0.007827">
      <testcase name="testCreate" class="EMC\TableBundle\Tests\Table\TableFactoryTest" file="/home/emc/www/table-bundle/vendor/emc/table-bundle/EMC/TableBundle/Tests/Table/TableFactoryTest.php" line="59" assertions="24" time="0.002996"/>
      <testcase name="testCreateWithSubtable" class="EMC\TableBundle\Tests\Table\TableFactoryTest" file="/home/emc/www/table-bundle/vendor/emc/table-bundle/EMC/TableBundle/Tests/Table/TableFactoryTest.php" line="95" assertions="34" time="0.002239"/>
      <testcase name="testLoad" class="EMC\TableBundle\Tests\Table\TableFactoryTest" file="/home/emc/www/table-bundle/vendor/emc/table-bundle/EMC/TableBundle/Tests/Table/TableFactoryTest.php" line="115" assertions="1" time="0.001280"/>
      <testcase name="testRestore" class="EMC\TableBundle\Tests\Table\TableFactoryTest" file="/home/emc/www/table-bundle/vendor/emc/table-bundle/EMC/TableBundle/Tests/Table/TableFactoryTest.php" line="121" assertions="1" time="0.001312"/>
    </testsuite>
  </testsuite>
</testsuites>
